Using pre-set license
Built from '2020.2/staging' branch; Version is '2020.2.3f1 (8ff31bc5bf5b) revision 9433883'; Using compiler version '192528614'; Build Type 'Release'
OS: 'Windows 10 Home; OS build 19042.1288; Version 2009; 64bit' Language: 'en' Physical Memory: 16235 MB
BatchMode: 1, IsHumanControllingUs: 0, StartBugReporterOnCrash: 0, Is64bit: 1, IsPro: 0

 COMMAND LINE ARGUMENTS:
T:\Unity Projects\2020.2.3f1\Editor\Unity.exe
-adb2
-batchMode
-noUpm
-name
AssetImportWorker3
-projectPath
T:/Unity Projects/Actual Projects/Treasure Hunt
-logFile
Logs/AssetImportWorker3.log
-srvPort
57724
Successfully changed project path to: T:/Unity Projects/Actual Projects/Treasure Hunt
T:/Unity Projects/Actual Projects/Treasure Hunt
Using Asset Import Pipeline V2.
Refreshing native plugins compatible for Editor in 47.21 ms, found 0 plugins.
Preloading 0 native plugins for Editor in 0.00 ms.
Initialize engine version: 2020.2.3f1 (8ff31bc5bf5b)
[Subsystems] Discovering subsystems at path T:/Unity Projects/2020.2.3f1/Editor/Data/Resources/UnitySubsystems
[Subsystems] Discovering subsystems at path T:/Unity Projects/Actual Projects/Treasure Hunt/Assets
GfxDevice: creating device client; threaded=0
Direct3D:
    Version:  Direct3D 11.0 [level 11.1]
    Renderer: NVIDIA GeForce GTX 1060 (ID=0x1c20)
    Vendor:   
    VRAM:     6052 MB
    Driver:   27.21.14.6192
Initialize mono
Mono path[0] = 'T:/Unity Projects/2020.2.3f1/Editor/Data/Managed'
Mono path[1] = 'T:/Unity Projects/2020.2.3f1/Editor/Data/MonoBleedingEdge/lib/mono/unityjit'
Mono config path = 'T:/Unity Projects/2020.2.3f1/Editor/Data/MonoBleedingEdge/etc'
Using monoOptions --debugger-agent=transport=dt_socket,embedding=1,server=y,suspend=n,address=127.0.0.1:56208
Begin MonoManager ReloadAssembly
Registering precompiled unity dll's ...
Register platform support module: T:/Unity Projects/2020.2.3f1/Editor/Data/PlaybackEngines/WindowsStandaloneSupport/UnityEditor.WindowsStandalone.Extensions.dll
Registered in 0.017706 seconds.
Native extension for WindowsStandalone target not found
Refreshing native plugins compatible for Editor in 46.20 ms, found 0 plugins.
Preloading 0 native plugins for Editor in 0.00 ms.
Invoked RoslynAnalysisRunner static constructor.
RoslynAnalysisRunner will not be running.
RoslynAnalysisRunner has terminated.
Mono: successfully reloaded assembly
- Completed reload, in  4.005 seconds
Platform modules already initialized, skipping
Registering precompiled user dll's ...
Registered in 0.003834 seconds.
Begin MonoManager ReloadAssembly
Native extension for WindowsStandalone target not found
Refreshing native plugins compatible for Editor in 1.30 ms, found 0 plugins.
Preloading 0 native plugins for Editor in 0.00 ms.
Invoked RoslynAnalysisRunner static constructor.
RoslynAnalysisRunner will not be running.
RoslynAnalysisRunner has terminated.
Mono: successfully reloaded assembly
- Completed reload, in  1.957 seconds
Platform modules already initialized, skipping
========================================================================
Worker process is ready to serve import requests
Launched and connected shader compiler UnityShaderCompiler.exe after 0.31 seconds
Refreshing native plugins compatible for Editor in 0.23 ms, found 0 plugins.
Preloading 0 native plugins for Editor in 0.00 ms.
Unloading 1113 Unused Serialized files (Serialized files now loaded: 0)
System memory in use before: 57.0 MB.
System memory in use after: 57.0 MB.

Unloading 10 unused Assets to reduce memory usage. Loaded Objects now: 1555.
Total: 16.505400 ms (FindLiveObjects: 1.380100 ms CreateObjectMapping: 1.453600 ms MarkObjects: 13.500300 ms  DeleteObjects: 0.167400 ms)

========================================================================
Received Import Request.
  path: Assets/Scenes/IslandScene.unity
  artifactKey: Guid(794ae05f430eeb34aa0a9e00844d66f0) Importer(815301076,1909f56bfc062723c751e8b465ee728b)
Start importing Assets/Scenes/IslandScene.unity using Guid(794ae05f430eeb34aa0a9e00844d66f0) Importer(815301076,1909f56bfc062723c751e8b465ee728b)  -> (artifact id: '0107c22c5823e7e47131cd907e5bb670') in 0.205367 seconds
  Import took 0.284292 seconds .

========================================================================
Received Import Request.
  Time since last request: 1280.551890 seconds.
  path: Assets/Scenes/CyrusDemo.unity
  artifactKey: Guid(dd47b131569cb644f99b211fac415af8) Importer(815301076,1909f56bfc062723c751e8b465ee728b)
Start importing Assets/Scenes/CyrusDemo.unity using Guid(dd47b131569cb644f99b211fac415af8) Importer(815301076,1909f56bfc062723c751e8b465ee728b)  -> (artifact id: '6b582786416675566d041dbeb15d9374') in 0.060161 seconds
  Import took 0.110860 seconds .

========================================================================
Received Prepare
Registering precompiled user dll's ...
Registered in 0.001231 seconds.
Begin MonoManager ReloadAssembly
Native extension for WindowsStandalone target not found
Refreshing native plugins compatible for Editor in 0.41 ms, found 0 plugins.
Preloading 0 native plugins for Editor in 0.00 ms.
Invoked RoslynAnalysisRunner static constructor.
RoslynAnalysisRunner will not be running.
RoslynAnalysisRunner has terminated.
Mono: successfully reloaded assembly
- Completed reload, in  2.079 seconds
Platform modules already initialized, skipping
Refreshing native plugins compatible for Editor in 0.30 ms, found 0 plugins.
Preloading 0 native plugins for Editor in 0.00 ms.
Unloading 1108 Unused Serialized files (Serialized files now loaded: 0)
System memory in use before: 56.9 MB.
System memory in use after: 57.0 MB.

Unloading 5 unused Assets to reduce memory usage. Loaded Objects now: 1557.
Total: 11.421600 ms (FindLiveObjects: 0.645100 ms CreateObjectMapping: 0.238300 ms MarkObjects: 9.952400 ms  DeleteObjects: 0.577800 ms)

========================================================================
Received Import Request.
  Time since last request: 113.389436 seconds.
  path: Assets/Scenes/IslandScene.unity
  artifactKey: Guid(794ae05f430eeb34aa0a9e00844d66f0) Importer(815301076,1909f56bfc062723c751e8b465ee728b)
Start importing Assets/Scenes/IslandScene.unity using Guid(794ae05f430eeb34aa0a9e00844d66f0) Importer(815301076,1909f56bfc062723c751e8b465ee728b)  -> (artifact id: '409d3c57f4e1a50e87c2a655e00b61c7') in 0.025472 seconds
  Import took 0.033015 seconds .

========================================================================
Received Prepare
Registering precompiled user dll's ...
Registered in 0.001290 seconds.
Begin MonoManager ReloadAssembly
Native extension for WindowsStandalone target not found
Refreshing native plugins compatible for Editor in 0.38 ms, found 0 plugins.
Preloading 0 native plugins for Editor in 0.00 ms.
Invoked RoslynAnalysisRunner static constructor.
RoslynAnalysisRunner will not be running.
RoslynAnalysisRunner has terminated.
Mono: successfully reloaded assembly
- Completed reload, in  1.826 seconds
Platform modules already initialized, skipping
Refreshing native plugins compatible for Editor in 0.19 ms, found 0 plugins.
Preloading 0 native plugins for Editor in 0.00 ms.
Unloading 1108 Unused Serialized files (Serialized files now loaded: 0)
System memory in use before: 57.0 MB.
System memory in use after: 57.0 MB.

Unloading 5 unused Assets to reduce memory usage. Loaded Objects now: 1559.
Total: 1.808500 ms (FindLiveObjects: 0.160300 ms CreateObjectMapping: 0.044500 ms MarkObjects: 1.543500 ms  DeleteObjects: 0.059200 ms)

========================================================================
Received Import Request.
  Time since last request: 1930.524163 seconds.
  path: Assets/Scripts/DayNightLighting/LightingManager.cs
  artifactKey: Guid(492243c4b163aba498aa0b690928f5fe) Importer(815301076,1909f56bfc062723c751e8b465ee728b)
Start importing Assets/Scripts/DayNightLighting/LightingManager.cs using Guid(492243c4b163aba498aa0b690928f5fe) Importer(815301076,1909f56bfc062723c751e8b465ee728b)  -> (artifact id: 'd31af963a22f1c59425d2189b656be11') in 0.475364 seconds
  Import took 0.528458 seconds .

========================================================================
Received Prepare
Registering precompiled user dll's ...
Registered in 1.187714 seconds.
Begin MonoManager ReloadAssembly
Native extension for WindowsStandalone target not found
Refreshing native plugins compatible for Editor in 0.21 ms, found 0 plugins.
Preloading 0 native plugins for Editor in 0.00 ms.
Invoked RoslynAnalysisRunner static constructor.
RoslynAnalysisRunner will not be running.
RoslynAnalysisRunner has terminated.
Mono: successfully reloaded assembly
- Completed reload, in  6.624 seconds
Platform modules already initialized, skipping
Refreshing native plugins compatible for Editor in 1.81 ms, found 0 plugins.
Preloading 0 native plugins for Editor in 0.00 ms.
Unloading 1108 Unused Serialized files (Serialized files now loaded: 0)
System memory in use before: 57.0 MB.
System memory in use after: 57.1 MB.

Unloading 5 unused Assets to reduce memory usage. Loaded Objects now: 1561.
Total: 121.595000 ms (FindLiveObjects: 0.249600 ms CreateObjectMapping: 0.075000 ms MarkObjects: 121.178700 ms  DeleteObjects: 0.089500 ms)

========================================================================
Received Prepare
Registering precompiled user dll's ...
Registered in 0.002645 seconds.
Begin MonoManager ReloadAssembly
Native extension for WindowsStandalone target not found
Refreshing native plugins compatible for Editor in 0.28 ms, found 0 plugins.
Preloading 0 native plugins for Editor in 0.00 ms.
Invoked RoslynAnalysisRunner static constructor.
RoslynAnalysisRunner will not be running.
RoslynAnalysisRunner has terminated.
Mono: successfully reloaded assembly
- Completed reload, in  1.644 seconds
Platform modules already initialized, skipping
Refreshing native plugins compatible for Editor in 1.39 ms, found 0 plugins.
Preloading 0 native plugins for Editor in 0.00 ms.
Unloading 1108 Unused Serialized files (Serialized files now loaded: 0)
System memory in use before: 57.0 MB.
System memory in use after: 57.1 MB.

Unloading 5 unused Assets to reduce memory usage. Loaded Objects now: 1563.
Total: 2.099400 ms (FindLiveObjects: 0.121000 ms CreateObjectMapping: 0.033100 ms MarkObjects: 1.872300 ms  DeleteObjects: 0.071500 ms)

========================================================================
Received Import Request.
  Time since last request: 112.195306 seconds.
  path: Assets/Scripts/DayNightLighting/LightingManager.cs
  artifactKey: Guid(492243c4b163aba498aa0b690928f5fe) Importer(815301076,1909f56bfc062723c751e8b465ee728b)
Start importing Assets/Scripts/DayNightLighting/LightingManager.cs using Guid(492243c4b163aba498aa0b690928f5fe) Importer(815301076,1909f56bfc062723c751e8b465ee728b)  -> (artifact id: 'c7c0ea29ddf5090eaeb671a1fbad3133') in 0.080646 seconds
  Import took 0.102529 seconds .

========================================================================
Received Prepare
Registering precompiled user dll's ...
Registered in 2.097371 seconds.
Begin MonoManager ReloadAssembly
Native extension for WindowsStandalone target not found
Refreshing native plugins compatible for Editor in 3.18 ms, found 0 plugins.
Preloading 0 native plugins for Editor in 0.00 ms.
Invoked RoslynAnalysisRunner static constructor.
RoslynAnalysisRunner will not be running.
RoslynAnalysisRunner has terminated.
Mono: successfully reloaded assembly
- Completed reload, in  5.731 seconds
Platform modules already initialized, skipping
Refreshing native plugins compatible for Editor in 0.27 ms, found 0 plugins.
Preloading 0 native plugins for Editor in 0.00 ms.
Unloading 1108 Unused Serialized files (Serialized files now loaded: 0)
System memory in use before: 57.0 MB.
System memory in use after: 57.1 MB.

Unloading 5 unused Assets to reduce memory usage. Loaded Objects now: 1565.
Total: 19.404000 ms (FindLiveObjects: 1.734000 ms CreateObjectMapping: 1.110200 ms MarkObjects: 16.052100 ms  DeleteObjects: 0.495600 ms)

========================================================================
Received Import Request.
  Time since last request: 276.834519 seconds.
  path: Assets/Scenes/IslandScene.unity
  artifactKey: Guid(794ae05f430eeb34aa0a9e00844d66f0) Importer(815301076,1909f56bfc062723c751e8b465ee728b)
Start importing Assets/Scenes/IslandScene.unity using Guid(794ae05f430eeb34aa0a9e00844d66f0) Importer(815301076,1909f56bfc062723c751e8b465ee728b)  -> (artifact id: '7c184d717c0b1382c7075a6de82acc5f') in 0.252123 seconds
  Import took 0.279233 seconds .

AssetImportWorkerClient::OnTransportError - code=2 error=End of file
